[main 345e9bf] Auto-Update Intel
 2 files changed, 88 insertions(+), 11 deletions(-)
 create mode 100644 network_health.json
fatal: could not read Username for 'https://github.com': No such device or address
[main b182548] Auto-Update Intel
 2 files changed, 36 insertions(+), 31 deletions(-)
fatal: could not read Username for 'https://github.com': No such device or address
[main 4eb6e7e] Auto-Update Intel
 5 files changed, 42 insertions(+), 52 deletions(-)
fatal: could not read Username for 'https://github.com': No such device or address
[main 8280e9f] Auto-Update Intel
 2 files changed, 36 insertions(+), 31 deletions(-)
fatal: could not read Username for 'https://github.com': No such device or address
[main 54cd5f5] Auto-Update Intel
 2 files changed, 36 insertions(+), 42 deletions(-)
fatal: could not read Username for 'https://github.com': No such device or address
[main 1717209] Auto-Update Intel
 2 files changed, 36 insertions(+), 42 deletions(-)
fatal: could not read Username for 'https://github.com': No such device or address
[main f76b5f4] Auto-Update Intel
 2 files changed, 48 insertions(+), 32 deletions(-)
fatal: could not read Username for 'https://github.com': No such device or address
[main 092eac5] Auto-Update Intel
 2 files changed, 25 insertions(+), 35 deletions(-)
fatal: could not read Username for 'https://github.com': No such device or address
[main aa645cc] Auto-Update Intel
 2 files changed, 47 insertions(+), 35 deletions(-)
fatal: could not read Username for 'https://github.com': No such device or address
[main 769aee1] Auto-Update Intel
 2 files changed, 36 insertions(+), 47 deletions(-)
fatal: could not read Username for 'https://github.com': No such device or address
[main f18188e] Auto-Update Intel
 2 files changed, 54 insertions(+), 43 deletions(-)
fatal: could not read Username for 'https://github.com': No such device or address
[main c09ce11] Auto-Update Intel
 2 files changed, 43 insertions(+), 43 deletions(-)
fatal: could not read Username for 'https://github.com': No such device or address
[main 9266f06] Auto-Update Intel
 2 files changed, 47 insertions(+), 25 deletions(-)
fatal: could not read Username for 'https://github.com': No such device or address
[main 52c7fb4] Auto-Update Intel
 2 files changed, 36 insertions(+), 47 deletions(-)
fatal: could not read Username for 'https://github.com': No such device or address
[main d9f7f97] Auto-Update Intel
 2 files changed, 37 insertions(+), 37 deletions(-)
fatal: could not read Username for 'https://github.com': No such device or address
[main 8efeda0] Auto-Update Intel
 2 files changed, 50 insertions(+), 50 deletions(-)
fatal: could not read Username for 'https://github.com': No such device or address
[main 6540fdc] Auto-Update Intel
 2 files changed, 44 insertions(+), 44 deletions(-)
fatal: could not read Username for 'https://github.com': No such device or address
[main 2055925] Auto-Update Intel
 2 files changed, 36 insertions(+), 25 deletions(-)
fatal: could not read Username for 'https://github.com': No such device or address
[main 02c1c15] Auto-Update Intel
 2 files changed, 55 insertions(+), 44 deletions(-)
fatal: could not read Username for 'https://github.com': No such device or address
[main a829043] Auto-Update Intel
 2 files changed, 36 insertions(+), 58 deletions(-)
fatal: could not read Username for 'https://github.com': No such device or address
[main 3579999] Auto-Update Intel
 2 files changed, 55 insertions(+), 44 deletions(-)
fatal: could not read Username for 'https://github.com': No such device or address
[main 8b0ffac] Auto-Update Intel
 2 files changed, 36 insertions(+), 47 deletions(-)
fatal: could not read Username for 'https://github.com': No such device or address
[main e68bf7e] Auto-Update Intel
 2 files changed, 36 insertions(+), 36 deletions(-)
fatal: could not read Username for 'https://github.com': No such device or address
[main 62842f7] Auto-Update Intel
 2 files changed, 36 insertions(+), 36 deletions(-)
fatal: could not read Username for 'https://github.com': No such device or address
[main 6eaefc5] Auto-Update Intel
 2 files changed, 45 insertions(+), 45 deletions(-)
fatal: could not read Username for 'https://github.com': No such device or address
[main 6a8d958] Auto-Update Intel
 2 files changed, 39 insertions(+), 28 deletions(-)
fatal: could not read Username for 'https://github.com': No such device or address
[main 03e5760] Auto-Update Intel
 1 file changed, 25 insertions(+), 25 deletions(-)
fatal: could not read Username for 'https://github.com': No such device or address
[main 8d392ab] Auto-Update Intel
 2 files changed, 25 insertions(+), 69 deletions(-)
fatal: could not read Username for 'https://github.com': No such device or address
[main e45310c] Auto-Update Intel
 2 files changed, 58 insertions(+), 25 deletions(-)
fatal: could not read Username for 'https://github.com': No such device or address
[main 8a4b23f] Auto-Update Intel
 2 files changed, 25 insertions(+), 47 deletions(-)
fatal: could not read Username for 'https://github.com': No such device or address
[main 600f696] Auto-Update Intel
 2 files changed, 25 insertions(+), 47 deletions(-)
fatal: could not read Username for 'https://github.com': No such device or address
[main 11b6bde] Auto-Update Intel
 2 files changed, 25 insertions(+), 47 deletions(-)
fatal: could not read Username for 'https://github.com': No such device or address
[main 8c07568] Auto-Update Intel
 2 files changed, 47 insertions(+), 25 deletions(-)
fatal: could not read Username for 'https://github.com': No such device or address
[main b25f18d] Auto-Update Intel
 2 files changed, 75 insertions(+), 31 deletions(-)
fatal: could not read Username for 'https://github.com': No such device or address
[main 7617c0b] Auto-Update Intel
 2 files changed, 37 insertions(+), 48 deletions(-)
fatal: could not read Username for 'https://github.com': No such device or address
[main e872e5a] Auto-Update Intel
 2 files changed, 48 insertions(+), 37 deletions(-)
fatal: could not read Username for 'https://github.com': No such device or address
[main d4aff97] Auto-Update Intel
 1 file changed, 25 insertions(+), 25 deletions(-)
fatal: could not read Username for 'https://github.com': No such device or address
[main 9d7a94e] Auto-Update Intel
 1 file changed, 25 insertions(+), 25 deletions(-)
fatal: could not read Username for 'https://github.com': No such device or address
[main ebf67f8] Auto-Update Intel
 2 files changed, 36 insertions(+), 47 deletions(-)
fatal: could not read Username for 'https://github.com': No such device or address
[main 624092a] Auto-Update Intel
 2 files changed, 56 insertions(+), 45 deletions(-)
fatal: could not read Username for 'https://github.com': No such device or address
[main 52f6adc] Auto-Update Intel
 2 files changed, 50 insertions(+), 50 deletions(-)
fatal: could not read Username for 'https://github.com': No such device or address
[main 596ee53] Auto-Update Intel
 2 files changed, 34 insertions(+), 56 deletions(-)
fatal: could not read Username for 'https://github.com': No such device or address
[main 72b96d0] Auto-Update Intel
 2 files changed, 36 insertions(+), 36 deletions(-)
fatal: could not read Username for 'https://github.com': No such device or address
[main 0d3fded] Auto-Update Intel
 2 files changed, 45 insertions(+), 34 deletions(-)
fatal: could not read Username for 'https://github.com': No such device or address
[main d3a24d5] Auto-Update Intel
 2 files changed, 31 insertions(+), 75 deletions(-)
fatal: could not read Username for 'https://github.com': No such device or address
[main 8c599d5] Auto-Update Intel
 1 file changed, 25 insertions(+), 25 deletions(-)
fatal: could not read Username for 'https://github.com': No such device or address
[main f3e9fc5] Auto-Update Intel
 2 files changed, 36 insertions(+), 25 deletions(-)
fatal: could not read Username for 'https://github.com': No such device or address
[main d6d4bcf] Auto-Update Intel
 2 files changed, 36 insertions(+), 25 deletions(-)
fatal: could not read Username for 'https://github.com': No such device or address
[main 574cd22] Auto-Update Intel
 2 files changed, 64 insertions(+), 42 deletions(-)
fatal: could not read Username for 'https://github.com': No such device or address
[main 2611eaf] Auto-Update Intel
 2 files changed, 45 insertions(+), 56 deletions(-)
fatal: could not read Username for 'https://github.com': No such device or address
[main 0fff573] Auto-Update Intel
 2 files changed, 36 insertions(+), 47 deletions(-)
fatal: could not read Username for 'https://github.com': No such device or address
[main 0d3e17e] Auto-Update Intel
 2 files changed, 25 insertions(+), 47 deletions(-)
fatal: could not read Username for 'https://github.com': No such device or address
[main d4ea75f] Auto-Update Intel
 2 files changed, 47 insertions(+), 25 deletions(-)
fatal: could not read Username for 'https://github.com': No such device or address
[main 9ae82d9] Auto-Update Intel
 2 files changed, 75 insertions(+), 42 deletions(-)
fatal: could not read Username for 'https://github.com': No such device or address
[main eb63116] Auto-Update Intel
 2 files changed, 36 insertions(+), 80 deletions(-)
fatal: could not read Username for 'https://github.com': No such device or address
[main 9976b45] Auto-Update Intel
 1 file changed, 25 insertions(+), 25 deletions(-)
fatal: could not read Username for 'https://github.com': No such device or address
[main 4e48a31] Auto-Update Intel
 1 file changed, 25 insertions(+), 25 deletions(-)
fatal: could not read Username for 'https://github.com': No such device or address
[main efc73f8] Auto-Update Intel
 2 files changed, 47 insertions(+), 25 deletions(-)
fatal: could not read Username for 'https://github.com': No such device or address
[main af2c767] Auto-Update Intel
 2 files changed, 25 insertions(+), 36 deletions(-)
fatal: could not read Username for 'https://github.com': No such device or address
[main a129e3f] Auto-Update Intel
 2 files changed, 47 insertions(+), 25 deletions(-)
fatal: could not read Username for 'https://github.com': No such device or address
[main dd5d0d6] Auto-Update Intel
 2 files changed, 42 insertions(+), 42 deletions(-)
fatal: could not read Username for 'https://github.com': No such device or address
[main e5a1147] Auto-Update Intel
 2 files changed, 42 insertions(+), 42 deletions(-)
fatal: could not read Username for 'https://github.com': No such device or address
[main d059cef] Auto-Update Intel
 2 files changed, 25 insertions(+), 47 deletions(-)
fatal: could not read Username for 'https://github.com': No such device or address
[main 8ae4b00] Auto-Update Intel
 2 files changed, 47 insertions(+), 25 deletions(-)
fatal: could not read Username for 'https://github.com': No such device or address
[main e27fed8] Auto-Update Intel
 2 files changed, 31 insertions(+), 42 deletions(-)
fatal: could not read Username for 'https://github.com': No such device or address
[main 51384cc] Auto-Update Intel
 2 files changed, 48 insertions(+), 37 deletions(-)
fatal: could not read Username for 'https://github.com': No such device or address
[main 823e05d] Auto-Update Intel
 1 file changed, 25 insertions(+), 25 deletions(-)
fatal: could not read Username for 'https://github.com': No such device or address
[main 7c59592] Auto-Update Intel
 1 file changed, 25 insertions(+), 25 deletions(-)
fatal: could not read Username for 'https://github.com': No such device or address
[main 674af42] Auto-Update Intel
 2 files changed, 31 insertions(+), 42 deletions(-)
fatal: could not read Username for 'https://github.com': No such device or address
[main df01e75] Auto-Update Intel
 2 files changed, 42 insertions(+), 31 deletions(-)
fatal: could not read Username for 'https://github.com': No such device or address
[main d0b7cab] Auto-Update Intel
 1 file changed, 25 insertions(+), 25 deletions(-)
fatal: could not read Username for 'https://github.com': No such device or address
[main 11e96fb] Auto-Update Intel
 2 files changed, 25 insertions(+), 36 deletions(-)
fatal: could not read Username for 'https://github.com': No such device or address
[main e6b3a93] Auto-Update Intel
 2 files changed, 36 insertions(+), 25 deletions(-)
fatal: could not read Username for 'https://github.com': No such device or address
[main 8e81794] Auto-Update Intel
 2 files changed, 31 insertions(+), 42 deletions(-)
fatal: could not read Username for 'https://github.com': No such device or address
[main 43a51ed] Auto-Update Intel
 2 files changed, 25 insertions(+), 36 deletions(-)
fatal: could not read Username for 'https://github.com': No such device or address
[main 5da0fcb] Auto-Update Intel
 2 files changed, 58 insertions(+), 25 deletions(-)
fatal: could not read Username for 'https://github.com': No such device or address
[main 4991455] Auto-Update Intel
 2 files changed, 36 insertions(+), 47 deletions(-)
fatal: could not read Username for 'https://github.com': No such device or address
[main b8843ab] Auto-Update Intel
 2 files changed, 37 insertions(+), 59 deletions(-)
fatal: could not read Username for 'https://github.com': No such device or address
[main 7889c0d] Auto-Update Intel
 1 file changed, 25 insertions(+), 25 deletions(-)
fatal: could not read Username for 'https://github.com': No such device or address
[main 0ad667f] Auto-Update Intel
 2 files changed, 31 insertions(+), 64 deletions(-)
fatal: could not read Username for 'https://github.com': No such device or address
[main b65aa77] Auto-Update Intel
 2 files changed, 53 insertions(+), 31 deletions(-)
fatal: could not read Username for 'https://github.com': No such device or address
[main e8204c9] Auto-Update Intel
 2 files changed, 30 insertions(+), 30 deletions(-)
fatal: could not read Username for 'https://github.com': No such device or address
[main 61f0987] Auto-Update Intel
 1 file changed, 25 insertions(+), 25 deletions(-)
fatal: could not read Username for 'https://github.com': No such device or address
[main 040f310] Auto-Update Intel
 2 files changed, 36 insertions(+), 36 deletions(-)
fatal: could not read Username for 'https://github.com': No such device or address
[main 5005ef3] Auto-Update Intel
 2 files changed, 36 insertions(+), 25 deletions(-)
fatal: could not read Username for 'https://github.com': No such device or address
[main b46ffa6] Auto-Update Intel
 2 files changed, 47 insertions(+), 25 deletions(-)
fatal: could not read Username for 'https://github.com': No such device or address
[main d881022] Auto-Update Intel
 2 files changed, 25 insertions(+), 36 deletions(-)
fatal: could not read Username for 'https://github.com': No such device or address
[main b338843] Auto-Update Intel
 1 file changed, 25 insertions(+), 25 deletions(-)
fatal: could not read Username for 'https://github.com': No such device or address
[main baff3a5] Auto-Update Intel
 2 files changed, 25 insertions(+), 36 deletions(-)
fatal: could not read Username for 'https://github.com': No such device or address
[main 235ad4f] Auto-Update Intel
 2 files changed, 37 insertions(+), 26 deletions(-)
fatal: could not read Username for 'https://github.com': No such device or address
[main 477545f] Auto-Update Intel
 2 files changed, 25 insertions(+), 36 deletions(-)
fatal: could not read Username for 'https://github.com': No such device or address
[main 231c7a9] Auto-Update Intel
 2 files changed, 35 insertions(+), 24 deletions(-)
fatal: could not read Username for 'https://github.com': No such device or address
[main 4d29d1a] Auto-Update Intel
 1 file changed, 25 insertions(+), 25 deletions(-)
fatal: could not read Username for 'https://github.com': No such device or address
[main 0d364a3] Auto-Update Intel
 2 files changed, 31 insertions(+), 31 deletions(-)
fatal: could not read Username for 'https://github.com': No such device or address
[main be74abd] Auto-Update Intel
 2 files changed, 25 insertions(+), 47 deletions(-)
fatal: could not read Username for 'https://github.com': No such device or address
[main 9acc4da] Auto-Update Intel
 2 files changed, 54 insertions(+), 32 deletions(-)
fatal: could not read Username for 'https://github.com': No such device or address
[main e494cba] Auto-Update Intel
 2 files changed, 32 insertions(+), 32 deletions(-)
fatal: could not read Username for 'https://github.com': No such device or address
[main e5a19d9] Auto-Update Intel
 2 files changed, 36 insertions(+), 25 deletions(-)
fatal: could not read Username for 'https://github.com': No such device or address
[main 5c48488] Auto-Update Intel
 1 file changed, 25 insertions(+), 25 deletions(-)
fatal: could not read Username for 'https://github.com': No such device or address
[main c4c0357] Auto-Update Intel
 2 files changed, 25 insertions(+), 36 deletions(-)
fatal: could not read Username for 'https://github.com': No such device or address
[main 8ae5127] Auto-Update Intel
 1 file changed, 25 insertions(+), 25 deletions(-)
fatal: could not read Username for 'https://github.com': No such device or address
[main 1005df3] Auto-Update Intel
 2 files changed, 47 insertions(+), 25 deletions(-)
fatal: could not read Username for 'https://github.com': No such device or address
[main 60df237] Auto-Update Intel
 2 files changed, 25 insertions(+), 36 deletions(-)
fatal: could not read Username for 'https://github.com': No such device or address
[main 922aa09] Auto-Update Intel
 1 file changed, 25 insertions(+), 25 deletions(-)
fatal: could not read Username for 'https://github.com': No such device or address
[main 7904c76] Auto-Update Intel
 1 file changed, 26 insertions(+), 26 deletions(-)
fatal: could not read Username for 'https://github.com': No such device or address
[main c3c8cb2] Auto-Update Intel
 1 file changed, 26 insertions(+), 26 deletions(-)
fatal: could not read Username for 'https://github.com': No such device or address
[main 2fbb508] Auto-Update Intel
 2 files changed, 25 insertions(+), 36 deletions(-)
fatal: could not read Username for 'https://github.com': No such device or address
[main 4667156] Auto-Update Intel
 2 files changed, 36 insertions(+), 25 deletions(-)
fatal: could not read Username for 'https://github.com': No such device or address
[main ca7a586] Auto-Update Intel
 1 file changed, 25 insertions(+), 25 deletions(-)
fatal: could not read Username for 'https://github.com': No such device or address
[main e2a8f6c] Auto-Update Intel
 2 files changed, 31 insertions(+), 31 deletions(-)
fatal: could not read Username for 'https://github.com': No such device or address
[main 2d3ece6] Auto-Update Intel
 2 files changed, 31 insertions(+), 31 deletions(-)
fatal: could not read Username for 'https://github.com': No such device or address
[main 14d49f6] Auto-Update Intel
 2 files changed, 32 insertions(+), 32 deletions(-)
fatal: could not read Username for 'https://github.com': No such device or address
[main 31313c0] Auto-Update Intel
 2 files changed, 25 insertions(+), 36 deletions(-)
fatal: could not read Username for 'https://github.com': No such device or address
[main 0e5cf04] Auto-Update Intel
 2 files changed, 36 insertions(+), 25 deletions(-)
fatal: could not read Username for 'https://github.com': No such device or address
[main 379faec] Auto-Update Intel
 1 file changed, 25 insertions(+), 25 deletions(-)
fatal: could not read Username for 'https://github.com': No such device or address
[main b684cc7] Auto-Update Intel
 2 files changed, 25 insertions(+), 36 deletions(-)
fatal: could not read Username for 'https://github.com': No such device or address
[main f515d09] Auto-Update Intel
 2 files changed, 25 insertions(+), 36 deletions(-)
fatal: could not read Username for 'https://github.com': No such device or address
